
======================================================================
🎨 NFT RANKING WEB APP
======================================================================

Starting server...
Open in browser: http://localhost:5000

Press Ctrl+C to stop
======================================================================

 * Serving Flask app 'app'
 * Debug mode: on
[31m[1mWARNING: This is a development server. Do not use it in a production deployment. Use a production WSGI server instead.[0m
 * Running on all addresses (0.0.0.0)
 * Running on http://127.0.0.1:5000
 * Running on http://192.168.10.64:5000
[33mPress CTRL+C to quit[0m
 * Restarting with stat
 * Debugger is active!
 * Debugger PIN: 199-104-064

======================================================================
🎨 NFT RANKING WEB APP
======================================================================

Starting server...
Open in browser: http://localhost:5000

Press Ctrl+C to stop
======================================================================

